<?xml version="1.0" encoding="UTF-8"?>
<!-- Generated by org.testng.reporters.JUnitXMLReporter -->
<testsuite ignored="0" hostname="LAPTOP-D5K2IVIM" failures="0" tests="47" name="WaterFutrace Integration Tests" time="5.265" errors="0" timestamp="2026-06-07T17:05:52 WIB">
  <testcase classname="TesApp" name="testDatabaseConnection" time="0.488"/>
  <testcase classname="TesApp" name="testPasswordHashAndVerify" time="0.005"/>
  <testcase classname="TesApp" name="testPasswordHashIsUnique" time="0.004"/>
  <testcase classname="TesApp" name="testLoginUnknownEmailFails" time="0.066"/>
  <testcase classname="TesApp" name="testRegionExists" time="0.014"/>
  <testcase classname="TesApp" name="testRegionFindAll" time="0.011"/>
  <testcase classname="TesApp" name="testRegisterCompany" time="0.157"/>
  <testcase classname="TesApp" name="testRegisterGovernment" time="0.05"/>
  <testcase classname="TesApp" name="testRegisterIndividual1" time="0.094"/>
  <testcase classname="TesApp" name="testRegisterIndividual2" time="0.089"/>
  <testcase classname="TesApp" name="testRegisterInvalidRegionFails" time="0.021"/>
  <testcase classname="TesApp" name="testLoginUnapprovedCompanyFails" time="0.013"/>
  <testcase classname="TesApp" name="testLoginGovernmentSuccess" time="0.013"/>
  <testcase classname="TesApp" name="testLoginWrongPasswordFails" time="0.013"/>
  <testcase classname="TesApp" name="testRegisterDuplicateEmailFails" time="0.012"/>
  <testcase classname="TesApp" name="testApproveCompany" time="0.028"/>
  <testcase classname="TesApp" name="testApproveIndividual1" time="0.025"/>
  <testcase classname="TesApp" name="testApproveIndividual2" time="0.026"/>
  <testcase classname="TesApp" name="testGetPendingUsers" time="0.203"/>
  <testcase classname="TesApp" name="testLoginApprovedCompanySuccess" time="0.014"/>
  <testcase classname="TesApp" name="testInsertComplain" time="0.128"/>
  <testcase classname="TesApp" name="testCreateOnsiteRequest" time="0.196"/>
  <testcase classname="TesApp" name="testCreateRandomRequest" time="0.059"/>
  <testcase classname="TesApp" name="testGetAllIndividualsSorted" time="0.117"/>
  <testcase classname="TesApp" name="testCalculateGovernmentFootprint" time="0.062"/>
  <testcase classname="TesApp" name="testFindComplainByReceiver" time="0.045"/>
  <testcase classname="TesApp" name="testFindComplainBySender" time="0.032"/>
  <testcase classname="TesApp" name="testApproveOnsiteRequest" time="0.444"/>
  <testcase classname="TesApp" name="testGetSentRequests" time="0.12"/>
  <testcase classname="TesApp" name="testUpdateComplain" time="0.073"/>
  <testcase classname="TesApp" name="testApproveAlreadyProcessedRequestFails" time="0.087"/>
  <testcase classname="TesApp" name="testSetCompanyEtaSl" time="0.109"/>
  <testcase classname="TesApp" name="testResolveComplain" time="0.065"/>
  <testcase classname="TesApp" name="testDistributeCredit" time="0.327"/>
  <testcase classname="TesApp" name="testCalculateCompanyCredit" time="0.229"/>
  <testcase classname="TesApp" name="testCreateProduct" time="0.112"/>
  <testcase classname="TesApp" name="testGetRegionalCompanyCredit" time="0.134"/>
  <testcase classname="TesApp" name="testCreateProductInsufficientCreditFails" time="0.306"/>
  <testcase classname="TesApp" name="testGetAllProducts" time="0.1"/>
  <testcase classname="TesApp" name="testGetMyProducts" time="0.082"/>
  <testcase classname="TesApp" name="testUpdateProduct" time="0.092"/>
  <testcase classname="TesApp" name="testPurchaseProduct" time="0.262"/>
  <testcase classname="TesApp" name="testGetAllTransactions" time="0.1"/>
  <testcase classname="TesApp" name="testGetMyTransactions" time="0.066"/>
  <testcase classname="TesApp" name="testPurchaseInsufficientCreditFails" time="0.075"/>
  <testcase classname="TesApp" name="testPurchaseZeroQuantityFails" time="0.016"/>
  <testcase classname="TesApp" name="testCleanupTestData" time="0.156"/>
</testsuite> <!-- WaterFutrace Integration Tests -->
