<?xml version="1.0" encoding="UTF-8"?>
<!-- Generated by org.testng.reporters.JUnitReportReporter -->
<testsuite hostname="LAPTOP-D5K2IVIM" failures="0" tests="47" name="TesApp" time="3.871" errors="0" timestamp="2026-06-07T17:07:04 WIB" skipped="0">
  <testcase classname="TesApp" name="testLoginWrongPasswordFails" time="0.014"/>
  <testcase classname="TesApp" name="testCalculateCompanyCredit" time="0.159"/>
  <testcase classname="TesApp" name="testUpdateProduct" time="0.063"/>
  <testcase classname="TesApp" name="testPurchaseProduct" time="0.179"/>
  <testcase classname="TesApp" name="testResolveComplain" time="0.045"/>
  <testcase classname="TesApp" name="testRegionExists" time="0.015"/>
  <testcase classname="TesApp" name="testRegisterIndividual1" time="0.098"/>
  <testcase classname="TesApp" name="testGetSentRequests" time="0.080"/>
  <testcase classname="TesApp" name="testGetAllProducts" time="0.080"/>
  <testcase classname="TesApp" name="testFindComplainByReceiver" time="0.030"/>
  <testcase classname="TesApp" name="testRegisterCompany" time="0.158"/>
  <testcase classname="TesApp" name="testCreateProductInsufficientCreditFails" time="0.178"/>
  <testcase classname="TesApp" name="testApproveAlreadyProcessedRequestFails" time="0.058"/>
  <testcase classname="TesApp" name="testDatabaseConnection" time="0.484"/>
  <testcase classname="TesApp" name="testCreateRandomRequest" time="0.034"/>
  <testcase classname="TesApp" name="testPasswordHashIsUnique" time="0.006"/>
  <testcase classname="TesApp" name="testRegisterIndividual2" time="0.076"/>
  <testcase classname="TesApp" name="testGetPendingUsers" time="0.179"/>
  <testcase classname="TesApp" name="testCreateOnsiteRequest" time="0.076"/>
  <testcase classname="TesApp" name="testApproveOnsiteRequest" time="0.271"/>
  <testcase classname="TesApp" name="testUpdateComplain" time="0.063"/>
  <testcase classname="TesApp" name="testApproveCompany" time="0.023"/>
  <testcase classname="TesApp" name="testCleanupTestData" time="0.067"/>
  <testcase classname="TesApp" name="testRegisterInvalidRegionFails" time="0.014"/>
  <testcase classname="TesApp" name="testGetRegionalCompanyCredit" time="0.093"/>
  <testcase classname="TesApp" name="testPurchaseZeroQuantityFails" time="0.015"/>
  <testcase classname="TesApp" name="testGetMyProducts" time="0.051"/>
  <testcase classname="TesApp" name="testLoginUnknownEmailFails" time="0.131"/>
  <testcase classname="TesApp" name="testInsertComplain" time="0.095"/>
  <testcase classname="TesApp" name="testFindComplainBySender" time="0.031"/>
  <testcase classname="TesApp" name="testDistributeCredit" time="0.293"/>
  <testcase classname="TesApp" name="testLoginGovernmentSuccess" time="0.015"/>
  <testcase classname="TesApp" name="testRegionFindAll" time="0.015"/>
  <testcase classname="TesApp" name="testApproveIndividual2" time="0.021"/>
  <testcase classname="TesApp" name="testPasswordHashAndVerify" time="0.010"/>
  <testcase classname="TesApp" name="testApproveIndividual1" time="0.018"/>
  <testcase classname="TesApp" name="testLoginApprovedCompanySuccess" time="0.010"/>
  <testcase classname="TesApp" name="testPurchaseInsufficientCreditFails" time="0.055"/>
  <testcase classname="TesApp" name="testCalculateGovernmentFootprint" time="0.045"/>
  <testcase classname="TesApp" name="testRegisterGovernment" time="0.054"/>
  <testcase classname="TesApp" name="testCreateProduct" time="0.067"/>
  <testcase classname="TesApp" name="testGetAllTransactions" time="0.092"/>
  <testcase classname="TesApp" name="testGetAllIndividualsSorted" time="0.163"/>
  <testcase classname="TesApp" name="testGetMyTransactions" time="0.045"/>
  <testcase classname="TesApp" name="testRegisterDuplicateEmailFails" time="0.013"/>
  <testcase classname="TesApp" name="testLoginUnapprovedCompanyFails" time="0.013"/>
  <testcase classname="TesApp" name="testSetCompanyEtaSl" time="0.076"/>
</testsuite> <!-- TesApp -->
